# JRE version: Java(TM) SE Runtime Environment (8.0_201-b09) (build 1.8.0_201-b09)
# Java VM: Java HotSpot(TM) 64-Bit Server VM (25.201-b09 mixed mode windows-amd64 compressed oops)
Heap:
 PSYoungGen      total 71680K, used 22320K [0x00000000d5b80000, 0x00000000da680000, 0x0000000100000000)
  eden space 66560K, 25% used [0x00000000d5b80000,0x00000000d6c4c0f8,0x00000000d9c80000)
  from space 5120K, 99% used [0x00000000d9c80000,0x00000000da17ff68,0x00000000da180000)
  to   space 5120K, 0% used [0x00000000da180000,0x00000000da180000,0x00000000da680000)
 ParOldGen       total 75776K, used 24715K [0x0000000081200000, 0x0000000085c00000, 0x00000000d5b80000)
  object space 75776K, 32% used [0x0000000081200000,0x0000000082a22e78,0x0000000085c00000)
 Metaspace       used 22581K, capacity 23040K, committed 23216K, reserved 1069056K
  class space    used 2641K, capacity 2816K, committed 2816K, reserved 1048576K
GC Heap History (10 events):
Event: 2.221 GC heap before
{Heap before GC invocations=4 (full 0):
 PSYoungGen      total 38400K, used 38384K [0x00000000d5b80000, 0x00000000da680000, 0x0000000100000000)
  eden space 33280K, 100% used [0x00000000d5b80000,0x00000000d7c00000,0x00000000d7c00000)
  from space 5120K, 99% used [0x00000000d7c00000,0x00000000d80fc010,0x00000000d8100000)
  to   space 5120K, 0% used [0x00000000da180000,0x00000000da180000,0x00000000da680000)
 ParOldGen       total 87552K, used 4730K [0x0000000081200000, 0x0000000086780000, 0x00000000d5b80000)
  object space 87552K, 5% used [0x0000000081200000,0x000000008169ea38,0x0000000086780000)
 Metaspace       used 15156K, capacity 15400K, committed 15616K, reserved 1062912K
  class space    used 1833K, capacity 1940K, committed 2048K, reserved 1048576K
Event: 2.231 GC heap after
Heap after GC invocations=4 (full 0):
 PSYoungGen      total 71680K, used 5120K [0x00000000d5b80000, 0x00000000da680000, 0x0000000100000000)
  eden space 66560K, 0% used [0x00000000d5b80000,0x00000000d5b80000,0x00000000d9c80000)
  from space 5120K, 100% used [0x00000000da180000,0x00000000da680000,0x00000000da680000)
  to   space 5120K, 0% used [0x00000000d9c80000,0x00000000d9c80000,0x00000000da180000)
 ParOldGen       total 87552K, used 9028K [0x0000000081200000, 0x0000000086780000, 0x00000000d5b80000)
  object space 87552K, 10% used [0x0000000081200000,0x0000000081ad1258,0x0000000086780000)
 Metaspace       used 15156K, capacity 15400K, committed 15616K, reserved 1062912K
  class space    used 1833K, capacity 1940K, committed 2048K, reserved 1048576K
}
Event: 3.045 GC heap before
{Heap before GC invocations=5 (full 0):
 PSYoungGen      total 71680K, used 71680K [0x00000000d5b80000, 0x00000000da680000, 0x0000000100000000)
  eden space 66560K, 100% used [0x00000000d5b80000,0x00000000d9c80000,0x00000000d9c80000)
  from space 5120K, 100% used [0x00000000da180000,0x00000000da680000,0x00000000da680000)
  to   space 5120K, 0% used [0x00000000d9c80000,0x00000000d9c80000,0x00000000da180000)
 ParOldGen       total 87552K, used 9028K [0x0000000081200000, 0x0000000086780000, 0x00000000d5b80000)
  object space 87552K, 10% used [0x0000000081200000,0x0000000081ad1258,0x0000000086780000)
 Metaspace       used 15991K, capacity 16190K, committed 16384K, reserved 1062912K
  class space    used 1890K, capacity 1981K, committed 2048K, reserved 1048576K
Event: 3.055 GC heap after
Heap after GC invocations=5 (full 0):
 PSYoungGen      total 71680K, used 5104K [0x00000000d5b80000, 0x00000000da680000, 0x0000000100000000)
  eden space 66560K, 0% used [0x00000000d5b80000,0x00000000d5b80000,0x00000000d9c80000)
  from space 5120K, 99% used [0x00000000d9c80000,0x00000000da17c010,0x00000000da180000)
  to   space 5120K, 0% used [0x00000000da180000,0x00000000da180000,0x00000000da680000)
 ParOldGen       total 87552K, used 13993K [0x0000000081200000, 0x0000000086780000, 0x00000000d5b80000)
  object space 87552K, 15% used [0x0000000081200000,0x0000000081faa628,0x0000000086780000)
 Metaspace       used 15991K, capacity 16190K, committed 16384K, reserved 1062912K
  class space    used 1890K, capacity 1981K, committed 2048K, reserved 1048576K
}
Event: 4.145 GC heap before
{Heap before GC invocations=6 (full 0):
 PSYoungGen      total 71680K, used 64666K [0x00000000d5b80000, 0x00000000da680000, 0x0000000100000000)
  eden space 66560K, 89% used [0x00000000d5b80000,0x00000000d95aaa28,0x00000000d9c80000)
  from space 5120K, 99% used [0x00000000d9c80000,0x00000000da17c010,0x00000000da180000)
  to   space 5120K, 0% used [0x00000000da180000,0x00000000da180000,0x00000000da680000)
 ParOldGen       total 87552K, used 13993K [0x0000000081200000, 0x0000000086780000, 0x00000000d5b80000)
  object space 87552K, 15% used [0x0000000081200000,0x0000000081faa628,0x0000000086780000)
 Metaspace       used 20775K, capacity 21216K, committed 21296K, reserved 1069056K
  class space    used 2495K, capacity 2656K, committed 2688K, reserved 1048576K
Event: 4.157 GC heap after
Heap after GC invocations=6 (full 0):
 PSYoungGen      total 71680K, used 5120K [0x00000000d5b80000, 0x00000000da680000, 0x0000000100000000)
  eden space 66560K, 0% used [0x00000000d5b80000,0x00000000d5b80000,0x00000000d9c80000)
  from space 5120K, 100% used [0x00000000da180000,0x00000000da680000,0x00000000da680000)
  to   space 5120K, 0% used [0x00000000d9c80000,0x00000000d9c80000,0x00000000da180000)
 ParOldGen       total 87552K, used 18787K [0x0000000081200000, 0x0000000086780000, 0x00000000d5b80000)
  object space 87552K, 21% used [0x0000000081200000,0x0000000082458db8,0x0000000086780000)
 Metaspace       used 20775K, capacity 21216K, committed 21296K, reserved 1069056K
  class space    used 2495K, capacity 2656K, committed 2688K, reserved 1048576K
}
Event: 4.157 GC heap before
{Heap before GC invocations=7 (full 1):
 PSYoungGen      total 71680K, used 5120K [0x00000000d5b80000, 0x00000000da680000, 0x0000000100000000)
  eden space 66560K, 0% used [0x00000000d5b80000,0x00000000d5b80000,0x00000000d9c80000)
  from space 5120K, 100% used [0x00000000da180000,0x00000000da680000,0x00000000da680000)
  to   space 5120K, 0% used [0x00000000d9c80000,0x00000000d9c80000,0x00000000da180000)
 ParOldGen       total 87552K, used 18787K [0x0000000081200000, 0x0000000086780000, 0x00000000d5b80000)
  object space 87552K, 21% used [0x0000000081200000,0x0000000082458db8,0x0000000086780000)
 Metaspace       used 20775K, capacity 21216K, committed 21296K, reserved 1069056K
  class space    used 2495K, capacity 2656K, committed 2688K, reserved 1048576K
Event: 4.222 GC heap after
Heap after GC invocations=7 (full 1):
 PSYoungGen      total 71680K, used 0K [0x00000000d5b80000, 0x00000000da680000, 0x0000000100000000)
  eden space 66560K, 0% used [0x00000000d5b80000,0x00000000d5b80000,0x00000000d9c80000)
  from space 5120K, 0% used [0x00000000da180000,0x00000000da180000,0x00000000da680000)
  to   space 5120K, 0% used [0x00000000d9c80000,0x00000000d9c80000,0x00000000da180000)
 ParOldGen       total 75776K, used 18037K [0x0000000081200000, 0x0000000085c00000, 0x00000000d5b80000)
  object space 75776K, 23% used [0x0000000081200000,0x000000008239d770,0x0000000085c00000)
 Metaspace       used 20775K, capacity 21216K, committed 21296K, reserved 1069056K
  class space    used 2495K, capacity 2656K, committed 2688K, reserved 1048576K
}
Event: 4.710 GC heap before
{Heap before GC invocations=8 (full 1):
 PSYoungGen      total 71680K, used 66560K [0x00000000d5b80000, 0x00000000da680000, 0x0000000100000000)
  eden space 66560K, 100% used [0x00000000d5b80000,0x00000000d9c80000,0x00000000d9c80000)
  from space 5120K, 0% used [0x00000000da180000,0x00000000da180000,0x00000000da680000)
  to   space 5120K, 0% used [0x00000000d9c80000,0x00000000d9c80000,0x00000000da180000)
 ParOldGen       total 75776K, used 18037K [0x0000000081200000, 0x0000000085c00000, 0x00000000d5b80000)
  object space 75776K, 23% used [0x0000000081200000,0x000000008239d770,0x0000000085c00000)
 Metaspace       used 22037K, capacity 22560K, committed 22704K, reserved 1069056K
  class space    used 2608K, capacity 2784K, committed 2816K, reserved 1048576K
Event: 4.718 GC heap after
Heap after GC invocations=8 (full 1):
 PSYoungGen      total 71680K, used 5119K [0x00000000d5b80000, 0x00000000da680000, 0x0000000100000000)
  eden space 66560K, 0% used [0x00000000d5b80000,0x00000000d5b80000,0x00000000d9c80000)
  from space 5120K, 99% used [0x00000000d9c80000,0x00000000da17ff68,0x00000000da180000)
  to   space 5120K, 0% used [0x00000000da180000,0x00000000da180000,0x00000000da680000)
 ParOldGen       total 75776K, used 24715K [0x0000000081200000, 0x0000000085c00000, 0x00000000d5b80000)
  object space 75776K, 32% used [0x0000000081200000,0x0000000082a22e78,0x0000000085c00000)
 Metaspace       used 22037K, capacity 22560K, committed 22704K, reserved 1069056K
  class space    used 2608K, capacity 2784K, committed 2816K, reserved 1048576K
}

